
*** Running vivado
    with args -log touch_led.vdi -applog -m64 -product Vivado -messageDb vivado.pb -mode batch -source touch_led.tcl -notrace


****** Vivado v2018.3 (64-bit)
  **** SW Build 2405991 on Thu Dec  6 23:36:41 MST 2018
  **** IP Build 2404404 on Fri Dec  7 01:43:56 MST 2018
    ** Copyright 1986-2018 Xilinx, Inc. All Rights Reserved.

source touch_led.tcl -notrace
Command: link_design -top touch_led -part xc7z010clg400-1
Design is defaulting to srcset: sources_1
Design is defaulting to constrset: constrs_1
INFO: [Project 1-479] Netlist was created with Vivado 2018.3
INFO: [Device 21-403] Loading part xc7z010clg400-1
INFO: [Project 1-570] Preparing netlist for logic optimization
Parsing XDC File [/home/yveswong/touch_led/touch_led.srcs/constrs_1/new/touch_led.xdc]
Finished Parsing XDC File [/home/yveswong/touch_led/touch_led.srcs/constrs_1/new/touch_led.xdc]
INFO: [Opt 31-138] Pushed 0 inverter(s) to 0 load pin(s).
Netlist sorting complete. Time (s): cpu = 00:00:00 ; elapsed = 00:00:00 . Memory (MB): peak = 1479.559 ; gain = 0.000 ; free physical = 1056 ; free virtual = 13115
INFO: [Project 1-111] Unisim Transformation Summary:
No Unisim elements were transformed.

5 Infos, 0 Warnings, 0 Critical Warnings and 0 Errors encountered.
link_design completed successfully
Command: opt_design
Attempting to get a license for feature 'Implementation' and/or device 'xc7z010'
INFO: [Common 17-349] Got license for feature 'Implementation' and/or device 'xc7z010'
Running DRC as a precondition to command opt_design

Starting DRC Task
INFO: [DRC 23-27] Running DRC with 8 threads
INFO: [Project 1-461] DRC finished with 0 Errors
INFO: [Project 1-462] Please refer to the DRC report (report_drc) for more information.

Time (s): cpu = 00:00:00.10 ; elapsed = 00:00:00.18 . Memory (MB): peak = 1547.590 ; gain = 64.031 ; free physical = 1051 ; free virtual = 13108

Starting Cache Timing Information Task
INFO: [Timing 38-35] Done setting XDC timing constraints.
Ending Cache Timing Information Task | Checksum: 211e6c526

Time (s): cpu = 00:00:06 ; elapsed = 00:00:06 . Memory (MB): peak = 1950.145 ; gain = 402.555 ; free physical = 660 ; free virtual = 12728

Starting Logic Optimization Task

Phase 1 Retarget
INFO: [Opt 31-138] Pushed 0 inverter(s) to 0 load pin(s).
INFO: [Opt 31-49] Retargeted 0 cell(s).
Phase 1 Retarget | Checksum: 211e6c526

Time (s): cpu = 00:00:00.01 ; elapsed = 00:00:00.01 . Memory (MB): peak = 2029.145 ; gain = 0.000 ; free physical = 610 ; free virtual = 12677
INFO: [Opt 31-389] Phase Retarget created 0 cells and removed 0 cells

Phase 2 Constant propagation
INFO: [Opt 31-138] Pushed 0 inverter(s) to 0 load pin(s).
Phase 2 Constant propagation | Checksum: 211e6c526

Time (s): cpu = 00:00:00.01 ; elapsed = 00:00:00.01 . Memory (MB): peak = 2029.145 ; gain = 0.000 ; free physical = 610 ; free virtual = 12677
INFO: [Opt 31-389] Phase Constant propagation created 0 cells and removed 0 cells

Phase 3 Sweep
Phase 3 Sweep | Checksum: 211e6c526

Time (s): cpu = 00:00:00.01 ; elapsed = 00:00:00.01 . Memory (MB): peak = 2029.145 ; gain = 0.000 ; free physical = 610 ; free virtual = 12677
INFO: [Opt 31-389] Phase Sweep created 0 cells and removed 0 cells

Phase 4 BUFG optimization
Phase 4 BUFG optimization | Checksum: 211e6c526

Time (s): cpu = 00:00:00.01 ; elapsed = 00:00:00.01 . Memory (MB): peak = 2029.145 ; gain = 0.000 ; free physical = 610 ; free virtual = 12677
INFO: [Opt 31-662] Phase BUFG optimization created 0 cells of which 0 are BUFGs and removed 0 cells.

Phase 5 Shift Register Optimization
Phase 5 Shift Register Optimization | Checksum: 211e6c526

Time (s): cpu = 00:00:00.01 ; elapsed = 00:00:00.02 . Memory (MB): peak = 2029.145 ; gain = 0.000 ; free physical = 610 ; free virtual = 12677
INFO: [Opt 31-389] Phase Shift Register Optimization created 0 cells and removed 0 cells

Phase 6 Post Processing Netlist
Phase 6 Post Processing Netlist | Checksum: 211e6c526

Time (s): cpu = 00:00:00.01 ; elapsed = 00:00:00.02 . Memory (MB): peak = 2029.145 ; gain = 0.000 ; free physical = 610 ; free virtual = 12677
INFO: [Opt 31-389] Phase Post Processing Netlist created 0 cells and removed 0 cells
Opt_design Change Summary
=========================


-------------------------------------------------------------------------------------------------------------------------
|  Phase                        |  #Cells created  |  #Cells Removed  |  #Constrained objects preventing optimizations  |
-------------------------------------------------------------------------------------------------------------------------
|  Retarget                     |               0  |               0  |                                              0  |
|  Constant propagation         |               0  |               0  |                                              0  |
|  Sweep                        |               0  |               0  |                                              0  |
|  BUFG optimization            |               0  |               0  |                                              0  |
|  Shift Register Optimization  |               0  |               0  |                                              0  |
|  Post Processing Netlist      |               0  |               0  |                                              0  |
-------------------------------------------------------------------------------------------------------------------------



Starting Connectivity Check Task

Time (s): cpu = 00:00:00 ; elapsed = 00:00:00 . Memory (MB): peak = 2029.145 ; gain = 0.000 ; free physical = 610 ; free virtual = 12677
Ending Logic Optimization Task | Checksum: 211e6c526

Time (s): cpu = 00:00:00.02 ; elapsed = 00:00:00.02 . Memory (MB): peak = 2029.145 ; gain = 0.000 ; free physical = 610 ; free virtual = 12677

Starting Power Optimization Task
INFO: [Pwropt 34-132] Skipping clock gating for clocks with a period < 2.00 ns.
Ending Power Optimization Task | Checksum: 211e6c526

Time (s): cpu = 00:00:00 ; elapsed = 00:00:00.04 . Memory (MB): peak = 2029.145 ; gain = 0.000 ; free physical = 609 ; free virtual = 12677

Starting Final Cleanup Task
Ending Final Cleanup Task | Checksum: 211e6c526

Time (s): cpu = 00:00:00 ; elapsed = 00:00:00 . Memory (MB): peak = 2029.145 ; gain = 0.000 ; free physical = 609 ; free virtual = 12677

Starting Netlist Obfuscation Task
Netlist sorting complete. Time (s): cpu = 00:00:00 ; elapsed = 00:00:00 . Memory (MB): peak = 2029.145 ; gain = 0.000 ; free physical = 609 ; free virtual = 12677
Ending Netlist Obfuscation Task | Checksum: 211e6c526

Time (s): cpu = 00:00:00 ; elapsed = 00:00:00 . Memory (MB): peak = 2029.145 ; gain = 0.000 ; free physical = 609 ; free virtual = 12677
INFO: [Common 17-83] Releasing license: Implementation
21 Infos, 0 Warnings, 0 Critical Warnings and 0 Errors encountered.
opt_design completed successfully
opt_design: Time (s): cpu = 00:00:06 ; elapsed = 00:00:07 . Memory (MB): peak = 2029.145 ; gain = 545.586 ; free physical = 609 ; free virtual = 12677
Netlist sorting complete. Time (s): cpu = 00:00:00 ; elapsed = 00:00:00 . Memory (MB): peak = 2029.145 ; gain = 0.000 ; free physical = 609 ; free virtual = 12677
INFO: [Timing 38-480] Writing timing data to binary archive.
Writing placer database...
Writing XDEF routing.
Writing XDEF routing logical nets.
Writing XDEF routing special nets.
Write XDEF Complete: Time (s): cpu = 00:00:00.01 ; elapsed = 00:00:00.01 . Memory (MB): peak = 2061.160 ; gain = 0.000 ; free physical = 607 ; free virtual = 12676
Netlist sorting complete. Time (s): cpu = 00:00:00 ; elapsed = 00:00:00 . Memory (MB): peak = 2061.160 ; gain = 0.000 ; free physical = 604 ; free virtual = 12673
INFO: [Common 17-1381] The checkpoint '/home/yveswong/touch_led/touch_led.runs/impl_1/touch_led_opt.dcp' has been generated.
INFO: [runtcl-4] Executing : report_drc -file touch_led_drc_opted.rpt -pb touch_led_drc_opted.pb -rpx touch_led_drc_opted.rpx
Command: report_drc -file touch_led_drc_opted.rpt -pb touch_led_drc_opted.pb -rpx touch_led_drc_opted.rpx
INFO: [IP_Flow 19-234] Refreshing IP repositories
INFO: [IP_Flow 19-1704] No user IP repositories specified
INFO: [IP_Flow 19-2313] Loaded Vivado IP repository '/home/yveswong/xilinx/Vivado/2018.3/data/ip'.
INFO: [DRC 23-27] Running DRC with 8 threads
INFO: [Coretcl 2-168] The results of DRC are in file /home/yveswong/touch_led/touch_led.runs/impl_1/touch_led_drc_opted.rpt.
report_drc completed successfully
Command: place_design
Attempting to get a license for feature 'Implementation' and/or device 'xc7z010'
INFO: [Common 17-349] Got license for feature 'Implementation' and/or device 'xc7z010'
INFO: [DRC 23-27] Running DRC with 8 threads
INFO: [Vivado_Tcl 4-198] DRC finished with 0 Errors
INFO: [Vivado_Tcl 4-199] Please refer to the DRC report (report_drc) for more information.
Running DRC as a precondition to command place_design
INFO: [DRC 23-27] Running DRC with 8 threads
INFO: [Vivado_Tcl 4-198] DRC finished with 0 Errors
INFO: [Vivado_Tcl 4-199] Please refer to the DRC report (report_drc) for more information.

Starting Placer Task
INFO: [Place 30-611] Multithreading enabled for place_design using a maximum of 8 CPUs

Phase 1 Placer Initialization

Phase 1.1 Placer Initialization Netlist Sorting
Netlist sorting complete. Time (s): cpu = 00:00:00 ; elapsed = 00:00:00 . Memory (MB): peak = 2101.180 ; gain = 0.000 ; free physical = 561 ; free virtual = 12630
Phase 1.1 Placer Initialization Netlist Sorting | Checksum: 15b426ab8

Time (s): cpu = 00:00:00.01 ; elapsed = 00:00:00.03 . Memory (MB): peak = 2101.180 ; gain = 0.000 ; free physical = 561 ; free virtual = 12630
Netlist sorting complete. Time (s): cpu = 00:00:00 ; elapsed = 00:00:00 . Memory (MB): peak = 2101.180 ; gain = 0.000 ; free physical = 561 ; free virtual = 12630

Phase 1.2 IO Placement/ Clock Placement/ Build Placer Device
INFO: [Timing 38-35] Done setting XDC timing constraints.
Phase 1.2 IO Placement/ Clock Placement/ Build Placer Device | Checksum: e77105a9

Time (s): cpu = 00:00:00.29 ; elapsed = 00:00:00.18 . Memory (MB): peak = 2136.523 ; gain = 35.344 ; free physical = 553 ; free virtual = 12622

Phase 1.3 Build Placer Netlist Model
Phase 1.3 Build Placer Netlist Model | Checksum: 1090eb75e

Time (s): cpu = 00:00:00.34 ; elapsed = 00:00:00.19 . Memory (MB): peak = 2136.523 ; gain = 35.344 ; free physical = 553 ; free virtual = 12622

Phase 1.4 Constrain Clocks/Macros
Phase 1.4 Constrain Clocks/Macros | Checksum: 1090eb75e

Time (s): cpu = 00:00:00.34 ; elapsed = 00:00:00.19 . Memory (MB): peak = 2136.523 ; gain = 35.344 ; free physical = 553 ; free virtual = 12622
Phase 1 Placer Initialization | Checksum: 1090eb75e

Time (s): cpu = 00:00:00.34 ; elapsed = 00:00:00.19 . Memory (MB): peak = 2136.523 ; gain = 35.344 ; free physical = 553 ; free virtual = 12622

Phase 2 Global Placement

Phase 2.1 Floorplanning
Phase 2.1 Floorplanning | Checksum: 1090eb75e

Time (s): cpu = 00:00:00.35 ; elapsed = 00:00:00.19 . Memory (MB): peak = 2136.523 ; gain = 35.344 ; free physical = 553 ; free virtual = 12622
WARNING: [Place 46-29] place_design is not in timing mode. Skip physical synthesis in placer
Phase 2 Global Placement | Checksum: 1df9b4e97

Time (s): cpu = 00:00:00.82 ; elapsed = 00:00:00.27 . Memory (MB): peak = 2160.535 ; gain = 59.355 ; free physical = 542 ; free virtual = 12611

Phase 3 Detail Placement

Phase 3.1 Commit Multi Column Macros
Phase 3.1 Commit Multi Column Macros | Checksum: 1df9b4e97

Time (s): cpu = 00:00:00.84 ; elapsed = 00:00:00.27 . Memory (MB): peak = 2160.535 ; gain = 59.355 ; free physical = 542 ; free virtual = 12611

Phase 3.2 Commit Most Macros & LUTRAMs
Phase 3.2 Commit Most Macros & LUTRAMs | Checksum: 15c046981

Time (s): cpu = 00:00:00.84 ; elapsed = 00:00:00.27 . Memory (MB): peak = 2160.535 ; gain = 59.355 ; free physical = 542 ; free virtual = 12611

Phase 3.3 Area Swap Optimization
Phase 3.3 Area Swap Optimization | Checksum: 145866609

Time (s): cpu = 00:00:00.88 ; elapsed = 00:00:00.28 . Memory (MB): peak = 2160.535 ; gain = 59.355 ; free physical = 542 ; free virtual = 12611

Phase 3.4 Pipeline Register Optimization
Phase 3.4 Pipeline Register Optimization | Checksum: 145866609

Time (s): cpu = 00:00:00.88 ; elapsed = 00:00:00.28 . Memory (MB): peak = 2160.535 ; gain = 59.355 ; free physical = 542 ; free virtual = 12611

Phase 3.5 Small Shape Detail Placement
Phase 3.5 Small Shape Detail Placement | Checksum: 130d0a816

Time (s): cpu = 00:00:01 ; elapsed = 00:00:00.33 . Memory (MB): peak = 2160.535 ; gain = 59.355 ; free physical = 542 ; free virtual = 12611

Phase 3.6 Re-assign LUT pins
Phase 3.6 Re-assign LUT pins | Checksum: 130d0a816

Time (s): cpu = 00:00:01 ; elapsed = 00:00:00.33 . Memory (MB): peak = 2160.535 ; gain = 59.355 ; free physical = 542 ; free virtual = 12611

Phase 3.7 Pipeline Register Optimization
Phase 3.7 Pipeline Register Optimization | Checksum: 130d0a816

Time (s): cpu = 00:00:01 ; elapsed = 00:00:00.33 . Memory (MB): peak = 2160.535 ; gain = 59.355 ; free physical = 542 ; free virtual = 12611
Phase 3 Detail Placement | Checksum: 130d0a816

Time (s): cpu = 00:00:01 ; elapsed = 00:00:00.33 . Memory (MB): peak = 2160.535 ; gain = 59.355 ; free physical = 542 ; free virtual = 12611

Phase 4 Post Placement Optimization and Clean-Up

Phase 4.1 Post Commit Optimization
Phase 4.1 Post Commit Optimization | Checksum: 130d0a816

Time (s): cpu = 00:00:01 ; elapsed = 00:00:00.34 . Memory (MB): peak = 2160.535 ; gain = 59.355 ; free physical = 542 ; free virtual = 12611

Phase 4.2 Post Placement Cleanup
Phase 4.2 Post Placement Cleanup | Checksum: 130d0a816

Time (s): cpu = 00:00:01 ; elapsed = 00:00:00.34 . Memory (MB): peak = 2160.535 ; gain = 59.355 ; free physical = 547 ; free virtual = 12616

Phase 4.3 Placer Reporting
Phase 4.3 Placer Reporting | Checksum: 130d0a816

Time (s): cpu = 00:00:01 ; elapsed = 00:00:00.34 . Memory (MB): peak = 2160.535 ; gain = 59.355 ; free physical = 547 ; free virtual = 12616

Phase 4.4 Final Placement Cleanup
Netlist sorting complete. Time (s): cpu = 00:00:00 ; elapsed = 00:00:00 . Memory (MB): peak = 2160.535 ; gain = 0.000 ; free physical = 547 ; free virtual = 12616
Phase 4.4 Final Placement Cleanup | Checksum: 15b81f779

Time (s): cpu = 00:00:01 ; elapsed = 00:00:00.34 . Memory (MB): peak = 2160.535 ; gain = 59.355 ; free physical = 547 ; free virtual = 12616
Phase 4 Post Placement Optimization and Clean-Up | Checksum: 15b81f779

Time (s): cpu = 00:00:01 ; elapsed = 00:00:00.34 . Memory (MB): peak = 2160.535 ; gain = 59.355 ; free physical = 547 ; free virtual = 12616
Ending Placer Task | Checksum: 120b8289e

Time (s): cpu = 00:00:01 ; elapsed = 00:00:00.34 . Memory (MB): peak = 2160.535 ; gain = 59.355 ; free physical = 550 ; free virtual = 12619
INFO: [Common 17-83] Releasing license: Implementation
39 Infos, 1 Warnings, 0 Critical Warnings and 0 Errors encountered.
place_design completed successfully
Netlist sorting complete. Time (s): cpu = 00:00:00 ; elapsed = 00:00:00 . Memory (MB): peak = 2160.535 ; gain = 0.000 ; free physical = 550 ; free virtual = 12619
INFO: [Timing 38-480] Writing timing data to binary archive.
Writing placer database...
Writing XDEF routing.
Writing XDEF routing logical nets.
Writing XDEF routing special nets.
Write XDEF Complete: Time (s): cpu = 00:00:00.02 ; elapsed = 00:00:00.01 . Memory (MB): peak = 2160.535 ; gain = 0.000 ; free physical = 547 ; free virtual = 12617
Netlist sorting complete. Time (s): cpu = 00:00:00 ; elapsed = 00:00:00 . Memory (MB): peak = 2160.535 ; gain = 0.000 ; free physical = 546 ; free virtual = 12616
INFO: [Common 17-1381] The checkpoint '/home/yveswong/touch_led/touch_led.runs/impl_1/touch_led_placed.dcp' has been generated.
INFO: [runtcl-4] Executing : report_io -file touch_led_io_placed.rpt
report_io: Time (s): cpu = 00:00:00.08 ; elapsed = 00:00:00.12 . Memory (MB): peak = 2160.535 ; gain = 0.000 ; free physical = 539 ; free virtual = 12608
INFO: [runtcl-4] Executing : report_utilization -file touch_led_utilization_placed.rpt -pb touch_led_utilization_placed.pb
INFO: [runtcl-4] Executing : report_control_sets -verbose -file touch_led_control_sets_placed.rpt
report_control_sets: Time (s): cpu = 00:00:00.05 ; elapsed = 00:00:00.07 . Memory (MB): peak = 2160.535 ; gain = 0.000 ; free physical = 546 ; free virtual = 12615
Command: route_design
Attempting to get a license for feature 'Implementation' and/or device 'xc7z010'
INFO: [Common 17-349] Got license for feature 'Implementation' and/or device 'xc7z010'
Running DRC as a precondition to command route_design
INFO: [DRC 23-27] Running DRC with 8 threads
INFO: [Vivado_Tcl 4-198] DRC finished with 0 Errors
INFO: [Vivado_Tcl 4-199] Please refer to the DRC report (report_drc) for more information.


Starting Routing Task
INFO: [Route 35-254] Multithreading enabled for route_design using a maximum of 8 CPUs
Checksum: PlaceDB: acf85c8f ConstDB: 0 ShapeSum: 73bfcc0f RouteDB: 0

Phase 1 Build RT Design
Phase 1 Build RT Design | Checksum: aad9bcf5

Time (s): cpu = 00:00:09 ; elapsed = 00:00:08 . Memory (MB): peak = 2218.719 ; gain = 38.988 ; free physical = 409 ; free virtual = 12529
Post Restoration Checksum: NetGraph: 10231575 NumContArr: 9ab6a780 Constraints: 0 Timing: 0

Phase 2 Router Initialization
INFO: [Route 35-64] No timing constraints were detected. The router will operate in resource-optimization mode.

Phase 2.1 Fix Topology Constraints
Phase 2.1 Fix Topology Constraints | Checksum: aad9bcf5

Time (s): cpu = 00:00:09 ; elapsed = 00:00:08 . Memory (MB): peak = 2237.715 ; gain = 57.984 ; free physical = 379 ; free virtual = 12500

Phase 2.2 Pre Route Cleanup
Phase 2.2 Pre Route Cleanup | Checksum: aad9bcf5

Time (s): cpu = 00:00:09 ; elapsed = 00:00:08 . Memory (MB): peak = 2237.715 ; gain = 57.984 ; free physical = 379 ; free virtual = 12500
 Number of Nodes with overlaps = 0
Phase 2 Router Initialization | Checksum: bcd757ed

Time (s): cpu = 00:00:09 ; elapsed = 00:00:08 . Memory (MB): peak = 2244.715 ; gain = 64.984 ; free physical = 372 ; free virtual = 12493

Phase 3 Initial Routing
 Number of Nodes with overlaps = 0
Phase 3 Initial Routing | Checksum: e1c77eed

Time (s): cpu = 00:00:09 ; elapsed = 00:00:08 . Memory (MB): peak = 2253.742 ; gain = 74.012 ; free physical = 371 ; free virtual = 12491

Phase 4 Rip-up And Reroute

Phase 4.1 Global Iteration 0
Phase 4.1 Global Iteration 0 | Checksum: e1c77eed

Time (s): cpu = 00:00:09 ; elapsed = 00:00:08 . Memory (MB): peak = 2253.742 ; gain = 74.012 ; free physical = 371 ; free virtual = 12491
Phase 4 Rip-up And Reroute | Checksum: e1c77eed

Time (s): cpu = 00:00:09 ; elapsed = 00:00:08 . Memory (MB): peak = 2253.742 ; gain = 74.012 ; free physical = 371 ; free virtual = 12491

Phase 5 Delay and Skew Optimization
Phase 5 Delay and Skew Optimization | Checksum: e1c77eed

Time (s): cpu = 00:00:09 ; elapsed = 00:00:08 . Memory (MB): peak = 2253.742 ; gain = 74.012 ; free physical = 371 ; free virtual = 12491

Phase 6 Post Hold Fix

Phase 6.1 Hold Fix Iter
Phase 6.1 Hold Fix Iter | Checksum: e1c77eed

Time (s): cpu = 00:00:09 ; elapsed = 00:00:08 . Memory (MB): peak = 2253.742 ; gain = 74.012 ; free physical = 371 ; free virtual = 12491
Phase 6 Post Hold Fix | Checksum: e1c77eed

Time (s): cpu = 00:00:09 ; elapsed = 00:00:08 . Memory (MB): peak = 2253.742 ; gain = 74.012 ; free physical = 371 ; free virtual = 12491

Phase 7 Route finalize

Router Utilization Summary
  Global Vertical Routing Utilization    = 0.00478604 %
  Global Horizontal Routing Utilization  = 0.00137868 %
  Routable Net Status*
  *Does not include unroutable nets such as driverless and loadless.
  Run report_route_status for detailed report.
  Number of Failed Nets               = 0
  Number of Unrouted Nets             = 0
  Number of Partially Routed Nets     = 0
  Number of Node Overlaps             = 0

Congestion Report
North Dir 1x1 Area, Max Cong = 5.40541%, No Congested Regions.
South Dir 1x1 Area, Max Cong = 3.6036%, No Congested Regions.
East Dir 1x1 Area, Max Cong = 1.47059%, No Congested Regions.
West Dir 1x1 Area, Max Cong = 2.94118%, No Congested Regions.

------------------------------
Reporting congestion hotspots
------------------------------
Direction: North
----------------
Congested clusters found at Level 0
Effective congestion level: 0 Aspect Ratio: 1 Sparse Ratio: 0
Direction: South
----------------
Congested clusters found at Level 0
Effective congestion level: 0 Aspect Ratio: 1 Sparse Ratio: 0
Direction: East
----------------
Congested clusters found at Level 0
Effective congestion level: 0 Aspect Ratio: 1 Sparse Ratio: 0
Direction: West
----------------
Congested clusters found at Level 0
Effective congestion level: 0 Aspect Ratio: 1 Sparse Ratio: 0

Phase 7 Route finalize | Checksum: e1c77eed

Time (s): cpu = 00:00:09 ; elapsed = 00:00:08 . Memory (MB): peak = 2253.742 ; gain = 74.012 ; free physical = 371 ; free virtual = 12491

Phase 8 Verifying routed nets

 Verification completed successfully
Phase 8 Verifying routed nets | Checksum: e1c77eed

Time (s): cpu = 00:00:09 ; elapsed = 00:00:08 . Memory (MB): peak = 2253.742 ; gain = 74.012 ; free physical = 371 ; free virtual = 12491

Phase 9 Depositing Routes
Phase 9 Depositing Routes | Checksum: 148ab8cf4

Time (s): cpu = 00:00:09 ; elapsed = 00:00:08 . Memory (MB): peak = 2253.742 ; gain = 74.012 ; free physical = 371 ; free virtual = 12491
INFO: [Route 35-16] Router Completed Successfully

Time (s): cpu = 00:00:09 ; elapsed = 00:00:08 . Memory (MB): peak = 2253.742 ; gain = 74.012 ; free physical = 400 ; free virtual = 12521

Routing Is Done.
INFO: [Common 17-83] Releasing license: Implementation
52 Infos, 1 Warnings, 0 Critical Warnings and 0 Errors encountered.
route_design completed successfully
route_design: Time (s): cpu = 00:00:09 ; elapsed = 00:00:08 . Memory (MB): peak = 2253.742 ; gain = 93.207 ; free physical = 400 ; free virtual = 12521
Netlist sorting complete. Time (s): cpu = 00:00:00 ; elapsed = 00:00:00 . Memory (MB): peak = 2253.742 ; gain = 0.000 ; free physical = 400 ; free virtual = 12521
INFO: [Timing 38-480] Writing timing data to binary archive.
Writing placer database...
Writing XDEF routing.
Writing XDEF routing logical nets.
Writing XDEF routing special nets.
Write XDEF Complete: Time (s): cpu = 00:00:00.03 ; elapsed = 00:00:00.01 . Memory (MB): peak = 2253.742 ; gain = 0.000 ; free physical = 404 ; free virtual = 12526
Netlist sorting complete. Time (s): cpu = 00:00:00 ; elapsed = 00:00:00 . Memory (MB): peak = 2253.742 ; gain = 0.000 ; free physical = 402 ; free virtual = 12524
INFO: [Common 17-1381] The checkpoint '/home/yveswong/touch_led/touch_led.runs/impl_1/touch_led_routed.dcp' has been generated.
INFO: [runtcl-4] Executing : report_drc -file touch_led_drc_routed.rpt -pb touch_led_drc_routed.pb -rpx touch_led_drc_routed.rpx
Command: report_drc -file touch_led_drc_routed.rpt -pb touch_led_drc_routed.pb -rpx touch_led_drc_routed.rpx
INFO: [IP_Flow 19-1839] IP Catalog is up to date.
INFO: [DRC 23-27] Running DRC with 8 threads
INFO: [Coretcl 2-168] The results of DRC are in file /home/yveswong/touch_led/touch_led.runs/impl_1/touch_led_drc_routed.rpt.
report_drc completed successfully
INFO: [runtcl-4] Executing : report_methodology -file touch_led_methodology_drc_routed.rpt -pb touch_led_methodology_drc_routed.pb -rpx touch_led_methodology_drc_routed.rpx
Command: report_methodology -file touch_led_methodology_drc_routed.rpt -pb touch_led_methodology_drc_routed.pb -rpx touch_led_methodology_drc_routed.rpx
INFO: [Timing 38-35] Done setting XDC timing constraints.
INFO: [DRC 23-133] Running Methodology with 8 threads
INFO: [Coretcl 2-1520] The results of Report Methodology are in file /home/yveswong/touch_led/touch_led.runs/impl_1/touch_led_methodology_drc_routed.rpt.
report_methodology completed successfully
INFO: [runtcl-4] Executing : report_power -file touch_led_power_routed.rpt -pb touch_led_power_summary_routed.pb -rpx touch_led_power_routed.rpx
Command: report_power -file touch_led_power_routed.rpt -pb touch_led_power_summary_routed.pb -rpx touch_led_power_routed.rpx
WARNING: [Power 33-232] No user defined clocks were found in the design!
Resolution: Please specify clocks using create_clock/create_generated_clock for sequential elements. For pure combinatorial circuits, please specify a virtual clock, otherwise the vectorless estimation might be inaccurate
INFO: [Timing 38-35] Done setting XDC timing constraints.
Running Vector-less Activity Propagation...

Finished Running Vector-less Activity Propagation
64 Infos, 2 Warnings, 0 Critical Warnings and 0 Errors encountered.
report_power completed successfully
INFO: [runtcl-4] Executing : report_route_status -file touch_led_route_status.rpt -pb touch_led_route_status.pb
INFO: [runtcl-4] Executing : report_timing_summary -max_paths 10 -file touch_led_timing_summary_routed.rpt -pb touch_led_timing_summary_routed.pb -rpx touch_led_timing_summary_routed.rpx -warn_on_violation 
INFO: [Timing 38-91] UpdateTimingParams: Speed grade: -1, Delay Type: min_max.
INFO: [Timing 38-191] Multithreading enabled for timing update using a maximum of 8 CPUs
WARNING: [Timing 38-313] There are no user specified timing constraints. Timing constraints are needed for proper timing analysis.
INFO: [runtcl-4] Executing : report_incremental_reuse -file touch_led_incremental_reuse_routed.rpt
INFO: [Vivado_Tcl 4-1062] Incremental flow is disabled. No incremental reuse Info to report.
INFO: [runtcl-4] Executing : report_clock_utilization -file touch_led_clock_utilization_routed.rpt
INFO: [runtcl-4] Executing : report_bus_skew -warn_on_violation -file touch_led_bus_skew_routed.rpt -pb touch_led_bus_skew_routed.pb -rpx touch_led_bus_skew_routed.rpx
INFO: [Timing 38-91] UpdateTimingParams: Speed grade: -1, Delay Type: min_max.
INFO: [Timing 38-191] Multithreading enabled for timing update using a maximum of 8 CPUs
Command: write_bitstream -force touch_led.bit
Attempting to get a license for feature 'Implementation' and/or device 'xc7z010'
INFO: [Common 17-349] Got license for feature 'Implementation' and/or device 'xc7z010'
Running DRC as a precondition to command write_bitstream
INFO: [IP_Flow 19-1839] IP Catalog is up to date.
INFO: [DRC 23-27] Running DRC with 8 threads
WARNING: [DRC ZPS7-1] PS7 block required: The PS7 cell must be used in this Zynq design in order to enable correct default configuration.
INFO: [Vivado 12-3199] DRC finished with 0 Errors, 1 Warnings
INFO: [Vivado 12-3200] Please refer to the DRC report (report_drc) for more information.
INFO: [Designutils 20-2272] Running write_bitstream with 8 threads.
Loading data files...
Loading site data...
Loading route data...
Processing options...
Creating bitmap...
Creating bitstream...
Writing bitstream ./touch_led.bit...
INFO: [Vivado 12-1842] Bitgen Completed Successfully.
INFO: [Project 1-120] WebTalk data collection is mandatory when using a WebPACK part without a full Vivado license. To see the specific WebTalk data collected for your design, open the usage_statistics_webtalk.html or usage_statistics_webtalk.xml file in the implementation directory.
INFO: [Common 17-83] Releasing license: Implementation
83 Infos, 4 Warnings, 0 Critical Warnings and 0 Errors encountered.
write_bitstream completed successfully
write_bitstream: Time (s): cpu = 00:00:08 ; elapsed = 00:00:12 . Memory (MB): peak = 2605.254 ; gain = 271.473 ; free physical = 568 ; free virtual = 12400
INFO: [Common 17-206] Exiting Vivado at Wed Apr 19 14:10:41 2023...
