Copyright 1986-2018 Xilinx, Inc. All Rights Reserved.
-----------------------------------------------------------------------------------------------------------------------------------------------------------
| Tool Version : Vivado v.2018.3 (lin64) Build 2405991 Thu Dec  6 23:36:41 MST 2018
| Date         : Tue Apr 18 17:45:20 2023
| Host         : pop-os running 64-bit Pop!_OS 22.04 LTS
| Command      : report_methodology -file key_led_methodology_drc_routed.rpt -pb key_led_methodology_drc_routed.pb -rpx key_led_methodology_drc_routed.rpx
| Design       : key_led
| Device       : xc7z010clg400-1
| Speed File   : -1
| Design State : Fully Routed
-----------------------------------------------------------------------------------------------------------------------------------------------------------

Report Methodology

Table of Contents
-----------------
1. REPORT SUMMARY
2. REPORT DETAILS

1. REPORT SUMMARY
-----------------
            Netlist: netlist
          Floorplan: design_1
      Design limits: <entire design considered>
             Max violations: <unlimited>
             Violations found: 5
+-----------+----------+-------------------------------+------------+
| Rule      | Severity | Description                   | Violations |
+-----------+----------+-------------------------------+------------+
| TIMING-18 | Warning  | Missing input or output delay | 5          |
+-----------+----------+-------------------------------+------------+

2. REPORT DETAILS
-----------------
TIMING-18#1 Warning
Missing input or output delay  
An input delay is missing on key[0] relative to clock(s) clk
Related violations: <none>

TIMING-18#2 Warning
Missing input or output delay  
An input delay is missing on key[1] relative to clock(s) clk
Related violations: <none>

TIMING-18#3 Warning
Missing input or output delay  
An input delay is missing on sys_rst_n relative to clock(s) clk
Related violations: <none>

TIMING-18#4 Warning
Missing input or output delay  
An output delay is missing on led[0] relative to clock(s) clk
Related violations: <none>

TIMING-18#5 Warning
Missing input or output delay  
An output delay is missing on led[1] relative to clock(s) clk
Related violations: <none>


