Vivado Simulator 2018.3
Copyright 1986-1999, 2001-2018 Xilinx, Inc. All Rights Reserved.
Running: /home/yveswong/xilinx/Vivado/2018.3/bin/unwrapped/lnx64.o/xelab -wto d22833cdf23445cc9804133d1e22fb5a --incr --debug typical --relax --mt 8 -L xil_defaultlib -L unisims_ver -L secureip --snapshot tb_key_led_func_impl xil_defaultlib.tb_key_led xil_defaultlib.glbl -log elaborate.log 
Using 8 slave threads.
Starting static elaboration
Completed static elaboration
Starting simulation data flow analysis
Completed simulation data flow analysis
Time Resolution for simulation is 1ps
Compiling module unisims_ver.IBUF
Compiling module unisims_ver.x_lut3_mux8
Compiling module unisims_ver.LUT3
Compiling module unisims_ver.OBUF
Compiling module unisims_ver.FDCE_default
Compiling module unisims_ver.x_lut2_mux4
Compiling module unisims_ver.LUT2
Compiling module unisims_ver.BUFG
Compiling module unisims_ver.x_lut1_mux2
Compiling module unisims_ver.LUT1
Compiling module unisims_ver.CARRY4
Compiling module unisims_ver.LUT6
Compiling module unisims_ver.LUT4
Compiling module xil_defaultlib.time_delay
Compiling module xil_defaultlib.key_led
Compiling module xil_defaultlib.tb_key_led
Compiling module xil_defaultlib.glbl
Built simulation snapshot tb_key_led_func_impl
